c:\users\user\desktop\mengine\memgine\memgine\x64\debug\vc143.pdb
c:\users\user\desktop\mengine\memgine\memgine\x64\debug\memgine.obj
c:\users\user\desktop\mengine\memgine\memgine\x64\debug\main.obj
c:\users\user\desktop\mengine\memgine\memgine\x64\debug\graphicsengine.obj
c:\users\user\desktop\mengine\memgine\memgine\x64\debug\qrc_memgine.obj
c:\users\user\desktop\mengine\memgine\memgine\x64\debug\moc_memgine.obj
c:\users\user\desktop\mengine\memgine\x64\debug\memgine.exe
c:\users\user\desktop\mengine\memgine\x64\debug\memgine.ilk
c:\users\user\desktop\mengine\memgine\x64\debug\memgine.pdb
c:\users\user\desktop\mengine\memgine\memgine\x64\debug\uic\ui_memgine.h
c:\users\user\desktop\mengine\memgine\memgine\x64\debug\rcc\qrc_memgine.cpp
c:\users\user\desktop\mengine\memgine\memgine\x64\debug\moc\moc_memgine.cpp
c:\users\user\desktop\mengine\memgine\memgine\x64\debug\memgine.tlog\cl.command.1.tlog
c:\users\user\desktop\mengine\memgine\memgine\x64\debug\memgine.tlog\cl.read.1.tlog
c:\users\user\desktop\mengine\memgine\memgine\x64\debug\memgine.tlog\cl.write.1.tlog
c:\users\user\desktop\mengine\memgine\memgine\x64\debug\memgine.tlog\link.command.1.tlog
c:\users\user\desktop\mengine\memgine\memgine\x64\debug\memgine.tlog\link.read.1.tlog
c:\users\user\desktop\mengine\memgine\memgine\x64\debug\memgine.tlog\link.write.1.tlog
c:\users\user\desktop\mengine\memgine\memgine\x64\debug\memgine.tlog\memgine.write.1u.tlog
c:\users\user\desktop\mengine\memgine\memgine\x64\debug\memgine.tlog\moc.read.1u.tlog
c:\users\user\desktop\mengine\memgine\memgine\x64\debug\memgine.tlog\moc.write.1u.tlog
c:\users\user\desktop\mengine\memgine\memgine\x64\debug\memgine.tlog\rcc.read.1u.tlog
c:\users\user\desktop\mengine\memgine\memgine\x64\debug\memgine.tlog\rcc.write.1u.tlog
c:\users\user\desktop\mengine\memgine\memgine\x64\debug\memgine.tlog\uic.read.1u.tlog
c:\users\user\desktop\mengine\memgine\memgine\x64\debug\memgine.tlog\uic.write.1u.tlog
